<?xml version="1.0" encoding="UTF-8"?>
<!-- Generated by org.testng.reporters.JUnitXMLReporter -->
<testsuite ignored="0" hostname="PC-WADIE" failures="1" tests="1" name="bankingApp Test" time="7.041" errors="0" timestamp="2023-08-30T11:10:59 HAE">
  <testcase classname="testCases.TC_LoginTest_001" name="loginTest" time="1.801">
    <failure type="java.lang.AssertionError" message="expected [true] but found [false]">
      <![CDATA[java.lang.AssertionError: expected [true] but found [false]
at testCases.TC_LoginTest_001.loginTest(TC_LoginTest_001.java:38)
at java.base/java.util.ArrayList.forEach(ArrayList.java:1511)
... Removed 31 stack frames]]>
    </failure>
  </testcase> <!-- loginTest -->
</testsuite> <!-- bankingApp Test -->
